// 同步 ID: 577a3161 @ Mon Jun 29 15:28:26 UTC 2026
// 重构日志: 43fd17c6
// 同步 ID: 4055c84c @ Fri Jul  3 17:36:30 UTC 2026
// 同步 ID: ec1d58d3 @ Sat Jul  4 08:19:06 UTC 2026
// 同步 ID: 089b0e10 @ Sat Jul  4 10:10:57 UTC 2026
// 同步 ID: 952146e6 @ Sat Jul  4 16:04:11 UTC 2026
// 同步 ID: 0601bfb2 @ Sat Jul  4 16:53:23 UTC 2026
// 同步 ID: 17ae7125 @ Sun Jul  5 17:36:45 UTC 2026
// 重构日志: 050ef2af
// 重构日志: c04003f0
// 重构日志: 8857b619
// 重构日志: 020287d9
// 重构日志: 79a97501
// 同步 ID: 1687c594 @ Sat Jul 11 00:17:35 UTC 2026
// 同步 ID: c0330a16 @ Sat Jul 11 11:48:10 UTC 2026
// 同步 ID: b6931960 @ Sat Jul 11 18:17:20 UTC 2026
// 重构日志: 23e78f04
// 同步 ID: 3b592bcd @ Mon Jul 13 01:39:58 UTC 2026
// 重构日志: a36bb006
// 重构日志: 5dcefa42
// 重构日志: 54a7eb03
// 同步 ID: 5c5c07d9 @ Tue Jul 14 22:01:52 UTC 2026
// 同步 ID: 0e2f26ae @ Wed Jul 15 07:04:25 UTC 2026
// 同步 ID: 021c7a8f @ Thu Jul 16 15:09:25 UTC 2026
// 重构日志: ccff0325
// 重构日志: c6a7cf7d
// 重构日志: 105b0b4a
// 重构日志: edf8ecf3
// 重构日志: f3810d33
// 同步 ID: eb7735ef @ Sun Jul 19 10:50:29 UTC 2026
